[16:08:52] [main/INFO]: LiteLoader 1.7.10_04 starting up...
[16:08:52] [main/INFO]: Java reports OS="windows 11"
[16:08:52] [main/INFO]: Enumerating class path...
[16:08:52] [main/INFO]: Class path separator=";"
[16:08:52] [main/INFO]: Class path entries=(
   classpathEntry=C:/Users/grant/AppData/Local/Programs/PrismLauncher/jars/NewLaunch.jar
   classpathEntry=C:/Users/grant/AppData/Roaming/PrismLauncher/libraries/net/java/jinput/jinput/2.0.5/jinput-2.0.5.jar
   classpathEntry=C:/Users/grant/AppData/Roaming/PrismLauncher/libraries/net/java/jutils/jutils/1.0.0/jutils-1.0.0.jar
   classpathEntry=C:/Users/grant/AppData/Roaming/PrismLauncher/libraries/org/lwjgl/lwjgl/lwjgl/2.9.4-nightly-20150209/lwjgl-2.9.4-nightly-20150209.jar
   classpathEntry=C:/Users/grant/AppData/Roaming/PrismLauncher/libraries/org/lwjgl/lwjgl/lwjgl_util/2.9.4-nightly-20150209/lwjgl_util-2.9.4-nightly-20150209.jar
   classpathEntry=C:/Users/grant/AppData/Roaming/PrismLauncher/libraries/com/mojang/netty/1.8.8/netty-1.8.8.jar
   classpathEntry=C:/Users/grant/AppData/Roaming/PrismLauncher/libraries/com/mojang/realms/1.3.5/realms-1.3.5.jar
   classpathEntry=C:/Users/grant/AppData/Roaming/PrismLauncher/libraries/org/apache/commons/commons-compress/1.8.1/commons-compress-1.8.1.jar
   classpathEntry=C:/Users/grant/AppData/Roaming/PrismLauncher/libraries/org/apache/httpcomponents/httpclient/4.3.3/httpclient-4.3.3.jar
   classpathEntry=C:/Users/grant/AppData/Roaming/PrismLauncher/libraries/commons-logging/commons-logging/1.1.3/commons-logging-1.1.3.jar
   classpathEntry=C:/Users/grant/AppData/Roaming/PrismLauncher/libraries/org/apache/httpcomponents/httpcore/4.3.2/httpcore-4.3.2.jar
   classpathEntry=C:/Users/grant/AppData/Roaming/PrismLauncher/libraries/java3d/vecmath/1.3.1/vecmath-1.3.1.jar
   classpathEntry=C:/Users/grant/AppData/Roaming/PrismLauncher/libraries/net/sf/trove4j/trove4j/3.0.3/trove4j-3.0.3.jar
   classpathEntry=C:/Users/grant/AppData/Roaming/PrismLauncher/libraries/com/ibm/icu/icu4j-core-mojang/51.2/icu4j-core-mojang-51.2.jar
   classpathEntry=C:/Users/grant/AppData/Roaming/PrismLauncher/libraries/net/sf/jopt-simple/jopt-simple/4.5/jopt-simple-4.5.jar
   classpathEntry=C:/Users/grant/AppData/Roaming/PrismLauncher/libraries/com/paulscode/codecjorbis/20101023/codecjorbis-20101023.jar
   classpathEntry=C:/Users/grant/AppData/Roaming/PrismLauncher/libraries/com/paulscode/codecwav/20101023/codecwav-20101023.jar
   classpathEntry=C:/Users/grant/AppData/Roaming/PrismLauncher/libraries/com/paulscode/libraryjavasound/20101123/libraryjavasound-20101123.jar
   classpathEntry=C:/Users/grant/AppData/Roaming/PrismLauncher/libraries/com/paulscode/librarylwjglopenal/20100824/librarylwjglopenal-20100824.jar
   classpathEntry=C:/Users/grant/AppData/Roaming/PrismLauncher/libraries/com/paulscode/soundsystem/20120107/soundsystem-20120107.jar
   classpathEntry=C:/Users/grant/AppData/Roaming/PrismLauncher/libraries/io/netty/netty-all/4.0.10.Final/netty-all-4.0.10.Final.jar
   classpathEntry=C:/Users/grant/AppData/Roaming/PrismLauncher/libraries/com/google/guava/guava/17.0/guava-17.0.jar
   classpathEntry=C:/Users/grant/AppData/Roaming/PrismLauncher/libraries/org/apache/commons/commons-lang3/3.3.2/commons-lang3-3.3.2.jar
   classpathEntry=C:/Users/grant/AppData/Roaming/PrismLauncher/libraries/commons-io/commons-io/2.4/commons-io-2.4.jar
   classpathEntry=C:/Users/grant/AppData/Roaming/PrismLauncher/libraries/commons-codec/commons-codec/1.9/commons-codec-1.9.jar
   classpathEntry=C:/Users/grant/AppData/Roaming/PrismLauncher/libraries/com/google/code/gson/gson/2.2.4/gson-2.2.4.jar
   classpathEntry=C:/Users/grant/AppData/Roaming/PrismLauncher/libraries/com/mojang/authlib/1.5.21/authlib-1.5.21.jar
   classpathEntry=C:/Users/grant/AppData/Roaming/PrismLauncher/libraries/org/apache/logging/log4j/log4j-api/2.0-beta9-fixed/log4j-api-2.0-beta9-fixed.jar
   classpathEntry=C:/Users/grant/AppData/Roaming/PrismLauncher/libraries/org/apache/logging/log4j/log4j-core/2.0-beta9-fixed/log4j-core-2.0-beta9-fixed.jar
   classpathEntry=C:/Users/grant/AppData/Roaming/PrismLauncher/libraries/tv/twitch/twitch/5.16/twitch-5.16.jar
   classpathEntry=C:/Users/grant/AppData/Roaming/PrismLauncher/libraries/net/minecraftforge/forge/1.7.10-10.13.4.1614-1.7.10/forge-1.7.10-10.13.4.1614-1.7.10-universal.jar
   classpathEntry=C:/Users/grant/AppData/Roaming/PrismLauncher/libraries/net/minecraft/launchwrapper/1.12/launchwrapper-1.12.jar
   classpathEntry=C:/Users/grant/AppData/Roaming/PrismLauncher/libraries/org/ow2/asm/asm-all/5.0.3/asm-all-5.0.3.jar
   classpathEntry=C:/Users/grant/AppData/Roaming/PrismLauncher/libraries/com/typesafe/akka/akka-actor_2.11/2.3.3/akka-actor_2.11-2.3.3.jar
   classpathEntry=C:/Users/grant/AppData/Roaming/PrismLauncher/libraries/com/typesafe/config/1.2.1/config-1.2.1.jar
   classpathEntry=C:/Users/grant/AppData/Roaming/PrismLauncher/libraries/org/scala-lang/scala-actors-migration_2.11/1.1.0/scala-actors-migration_2.11-1.1.0.jar
   classpathEntry=C:/Users/grant/AppData/Roaming/PrismLauncher/libraries/org/scala-lang/scala-compiler/2.11.1/scala-compiler-2.11.1.jar
   classpathEntry=C:/Users/grant/AppData/Roaming/PrismLauncher/libraries/org/scala-lang/plugins/scala-continuations-library_2.11/1.0.2/scala-continuations-library_2.11-1.0.2.jar
   classpathEntry=C:/Users/grant/AppData/Roaming/PrismLauncher/libraries/org/scala-lang/plugins/scala-continuations-plugin_2.11.1/1.0.2/scala-continuations-plugin_2.11.1-1.0.2.jar
   classpathEntry=C:/Users/grant/AppData/Roaming/PrismLauncher/libraries/org/scala-lang/scala-library/2.11.1/scala-library-2.11.1.jar
   classpathEntry=C:/Users/grant/AppData/Roaming/PrismLauncher/libraries/org/scala-lang/scala-parser-combinators_2.11/1.0.1/scala-parser-combinators_2.11-1.0.1.jar
   classpathEntry=C:/Users/grant/AppData/Roaming/PrismLauncher/libraries/org/scala-lang/scala-reflect/2.11.1/scala-reflect-2.11.1.jar
   classpathEntry=C:/Users/grant/AppData/Roaming/PrismLauncher/libraries/org/scala-lang/scala-swing_2.11/1.0.1/scala-swing_2.11-1.0.1.jar
   classpathEntry=C:/Users/grant/AppData/Roaming/PrismLauncher/libraries/org/scala-lang/scala-xml_2.11/1.0.2/scala-xml_2.11-1.0.2.jar
   classpathEntry=C:/Users/grant/AppData/Roaming/PrismLauncher/libraries/lzma/lzma/0.0.1/lzma-0.0.1.jar
   classpathEntry=C:/Users/grant/AppData/Roaming/PrismLauncher/libraries/com/mojang/minecraft/1.7.10/minecraft-1.7.10-client.jar
)
[16:08:52] [main/INFO]: Registering discovery module EnumeratorModuleClassPath: [<Java Class Path>]
[16:08:52] [main/INFO]: Registering discovery module EnumeratorModuleFolder: [C:\Users\grant\AppData\Roaming\PrismLauncher\instances\Pogcraft 15- Thaumic Nostalgia\.minecraft\mods]
[16:08:52] [main/INFO]: Registering discovery module EnumeratorModuleFolder: [C:\Users\grant\AppData\Roaming\PrismLauncher\instances\Pogcraft 15- Thaumic Nostalgia\.minecraft\mods\1.7.10]
[16:08:52] [main/INFO]: Adding supported mod class prefix 'LiteMod'
[16:08:52] [main/INFO]: Discovering tweaks on class path...
[16:08:52] [main/INFO]: Discovering valid mod files in folder C:\Users\grant\AppData\Roaming\PrismLauncher\instances\Pogcraft 15- Thaumic Nostalgia\.minecraft\mods
[16:08:52] [main/INFO]: Considering valid mod file: C:\Users\grant\AppData\Roaming\PrismLauncher\instances\Pogcraft 15- Thaumic Nostalgia\.minecraft\mods\MouseTweaks-2.4.4-mc1.7.10.jar
[16:08:52] [main/INFO]: Adding newest valid mod file 'C:\Users\grant\AppData\Roaming\PrismLauncher\instances\Pogcraft 15- Thaumic Nostalgia\.minecraft\mods\MouseTweaks-2.4.4-mc1.7.10.jar' at revision 184.0000
[16:08:52] [main/INFO]: Discovering valid mod files in folder C:\Users\grant\AppData\Roaming\PrismLauncher\instances\Pogcraft 15- Thaumic Nostalgia\.minecraft\mods\1.7.10
[16:08:52] [main/INFO]: Searching for tweaks in 'Baubles-1.7.10-1.0.1.10.jar'
[16:08:52] [main/WARN]: Error parsing manifest entries in 'C:\Users\grant\AppData\Roaming\PrismLauncher\instances\Pogcraft 15- Thaumic Nostalgia\.minecraft\mods\1.7.10\Baubles-1.7.10-1.0.1.10.jar'
[16:08:52] [main/INFO]: Searching for tweaks in 'CodeChickenLib-1.1.6.jar'
[16:08:52] [main/WARN]: Error parsing manifest entries in 'C:\Users\grant\AppData\Roaming\PrismLauncher\instances\Pogcraft 15- Thaumic Nostalgia\.minecraft\mods\1.7.10\CodeChickenLib-1.1.6.jar'
[16:08:52] [main/INFO]: Error enumerating 'C:\Users\grant\AppData\Roaming\PrismLauncher\instances\Pogcraft 15- Thaumic Nostalgia\.minecraft\mods\1.7.10\ForgeMultipart-1.7.10-1.2.0.345-universal.jar': Invalid zip file or error reading file
[16:08:52] [main/INFO]: Searching for tweaks in 'ForgeMultipart-1.7.10-1.2.0.347-universal.jar'
[16:08:52] [main/WARN]: Error parsing manifest entries in 'C:\Users\grant\AppData\Roaming\PrismLauncher\instances\Pogcraft 15- Thaumic Nostalgia\.minecraft\mods\1.7.10\ForgeMultipart-1.7.10-1.2.0.347-universal.jar'
[16:08:52] [main/INFO]: Searching for tweaks in 'ForgeRelocation-1.7.10-0.0.1.4-universal.jar'
[16:08:52] [main/WARN]: Error parsing manifest entries in 'C:\Users\grant\AppData\Roaming\PrismLauncher\instances\Pogcraft 15- Thaumic Nostalgia\.minecraft\mods\1.7.10\ForgeRelocation-1.7.10-0.0.1.4-universal.jar'
[16:08:52] [main/INFO]: Searching for tweaks in 'ForgeRelocationFMP-1.7.10-0.0.1.2-universal.jar'
[16:08:52] [main/WARN]: Error parsing manifest entries in 'C:\Users\grant\AppData\Roaming\PrismLauncher\instances\Pogcraft 15- Thaumic Nostalgia\.minecraft\mods\1.7.10\ForgeRelocationFMP-1.7.10-0.0.1.2-universal.jar'
[16:08:52] [main/INFO]: Searching for tweaks in 'MrTJPCore-1.7.10-1.1.0.33-universal.jar'
[16:08:52] [main/WARN]: Error parsing manifest entries in 'C:\Users\grant\AppData\Roaming\PrismLauncher\instances\Pogcraft 15- Thaumic Nostalgia\.minecraft\mods\1.7.10\MrTJPCore-1.7.10-1.1.0.33-universal.jar'
[16:08:52] [main/INFO]: Searching for tweaks in '[1.7.10]bspkrsCore-universal-6.16.jar'
[16:08:52] [main/WARN]: Error parsing manifest entries in 'C:\Users\grant\AppData\Roaming\PrismLauncher\instances\Pogcraft 15- Thaumic Nostalgia\.minecraft\mods\1.7.10\[1.7.10]bspkrsCore-universal-6.16.jar'
[16:08:52] [main/INFO]: LiteLoader PREINIT complete
[16:08:53] [main/INFO]: Injecting onstartupcomplete[x1] in func_71384_a in Minecraft
[16:08:53] [main/INFO]: Injecting prerenderfbo[x1] in func_71411_J in Minecraft
[16:08:53] [main/INFO]: Injecting postrenderfbo[x1] in func_71411_J in Minecraft
[16:08:53] [main/INFO]: Injecting ontimerupdate[x1] in func_71411_J in Minecraft
[16:08:53] [main/INFO]: Injecting onrender[x1] in func_71411_J in Minecraft
[16:08:53] [main/INFO]: Injecting ontick[x1] in func_71411_J in Minecraft
[16:08:53] [main/INFO]: Injecting updateframebuffersize[x1] in func_147119_ah in Minecraft
[16:08:53] [main/INFO]: Injecting newtick[x1] in func_71407_l in Minecraft
[16:08:53] [main/INFO]: Applying overlay com.mumfrey.liteloader.client.overlays.MinecraftOverlay to net.minecraft.client.Minecraft
[16:08:53] [main/INFO]: MinecraftOverlayTransformer found INIT injection point, this is good.
[16:08:53] [main/INFO]: Injecting onrenderchat[x1] in func_73830_a in GuiIngame
[16:08:53] [main/INFO]: Injecting postrenderchat[x1] in func_73830_a in GuiIngame
[16:08:53] [main/INFO]: Injecting onc16packetclientstatus[x1] in func_148833_a in C16PacketClientStatus
[16:08:53] [main/INFO]: Injecting onoutboundchat[x1] in func_71165_d in EntityClientPlayerMP
[16:08:53] [main/INFO]: Injecting onc00handshake[x1] in func_148833_a in C00Handshake
[16:08:53] [main/INFO]: Injecting onc00packetloginstart[x1] in func_148833_a in C00PacketLoginStart
[16:08:53] [main/INFO]: Injecting ons03packettimeupdate[x1] in func_148833_a in S03PacketTimeUpdate
[16:08:54] [main/INFO]: Injecting ons34packetmaps[x1] in func_148833_a in S34PacketMaps
[16:08:54] [Client thread/INFO]: Injecting onc15packetclientsettings[x1] in func_148833_a in C15PacketClientSettings
[16:08:54] [Client thread/INFO]: Injecting renderfbo[x1] in func_147615_c in Framebuffer
[16:08:54] [Client thread/INFO]: Injecting oncreateintegratedserver[x1] in <init> in IntegratedServer
[16:08:54] [Client thread/INFO]: Generating new Event Handler Proxy Class com.mumfrey.liteloader.core.event.EventProxy
[16:08:54] [Client thread/INFO]: Successfully generated event handler proxy class with 19 handlers(s) and 19 total invokations
[16:08:59] [Client thread/INFO]: Injecting prerendergui[x1] in func_78480_b in EntityRenderer
[16:08:59] [Client thread/INFO]: Injecting onrenderhud[x1] in func_78480_b in EntityRenderer
[16:08:59] [Client thread/INFO]: Injecting postrenderhud[x1] in func_78480_b in EntityRenderer
[16:08:59] [Client thread/INFO]: Injecting onrenderworld[x1] in func_78471_a in EntityRenderer
[16:08:59] [Client thread/INFO]: Injecting onsetupcameratransform[x1] in func_78471_a in EntityRenderer
[16:08:59] [Client thread/INFO]: Injecting postrenderentities[x1] in func_78471_a in EntityRenderer
[16:08:59] [Client thread/INFO]: Injecting postrender[x1] in func_78471_a in EntityRenderer
[16:08:59] [Client thread/INFO]: Injecting postrender[x1] in func_78471_a in EntityRenderer
[16:08:59] [Client thread/INFO]: Injecting ons23packetblockchange[x1] in func_148833_a in S23PacketBlockChange
[16:08:59] [Client thread/INFO]: Injecting ons2cpacketspawnglobalentity[x1] in func_148833_a in S2CPacketSpawnGlobalEntity
[16:08:59] [Client thread/INFO]: Injecting ons27packetexplosion[x1] in func_148833_a in S27PacketExplosion
[16:08:59] [Client thread/INFO]: Injecting ons2bpacketchangegamestate[x1] in func_148833_a in S2BPacketChangeGameState
[16:08:59] [Client thread/INFO]: Injecting ons19packetentitystatus[x1] in func_148833_a in S19PacketEntityStatus
[16:08:59] [Client thread/INFO]: Injecting ons24packetblockaction[x1] in func_148833_a in S24PacketBlockAction
[16:08:59] [Client thread/INFO]: Injecting ons2apacketparticles[x1] in func_148833_a in S2APacketParticles
[16:09:01] [Client thread/INFO]: Injecting onc0epacketclickwindow[x1] in func_148833_a in C0EPacketClickWindow
[16:09:01] [Client thread/INFO]: Injecting onc02packetuseentity[x1] in func_148833_a in C02PacketUseEntity
[16:09:01] [Client thread/INFO]: Injecting onc08packetplayerblockplacement[x1] in func_148833_a in C08PacketPlayerBlockPlacement
[16:09:01] [Client thread/INFO]: Injecting onc07packetplayerdigging[x1] in func_148833_a in C07PacketPlayerDigging
[16:09:01] [Client thread/INFO]: Injecting onc10packetcreativeinventoryaction[x1] in func_148833_a in C10PacketCreativeInventoryAction
[16:09:01] [Client thread/INFO]: Injecting onc09packethelditemchange[x1] in func_148833_a in C09PacketHeldItemChange
[16:09:01] [Client thread/INFO]: Injecting onc11packetenchantitem[x1] in func_148833_a in C11PacketEnchantItem
[16:09:01] [Client thread/INFO]: Injecting ons1epacketremoveentityeffect[x1] in func_148833_a in S1EPacketRemoveEntityEffect
[16:09:01] [Client thread/INFO]: Injecting ons1dpacketentityeffect[x1] in func_148833_a in S1DPacketEntityEffect
[16:09:01] [Client thread/INFO]: Injecting ons08packetplayerposlook[x1] in func_148833_a in S08PacketPlayerPosLook
[16:09:01] [Client thread/INFO]: Injecting ons14packetentity[x1] in func_148833_a in S14PacketEntity
[16:09:01] [Client thread/INFO]: Injecting ons17packetentitylookmove[x1] in func_148833_a in S14PacketEntity$S17PacketEntityLookMove
[16:09:02] [Client thread/INFO]: Injecting ons35packetupdatetileentity[x1] in func_148833_a in S35PacketUpdateTileEntity
[16:09:03] [Client thread/INFO]: Injecting ons0apacketusebed[x1] in func_148833_a in S0APacketUseBed
[16:09:03] [Client thread/INFO]: Injecting ons0bpacketanimation[x1] in func_148833_a in S0BPacketAnimation
[16:09:03] [Client thread/INFO]: Injecting ons0dpacketcollectitem[x1] in func_148833_a in S0DPacketCollectItem
[16:09:03] [Client thread/INFO]: Injecting ons04packetentityequipment[x1] in func_148833_a in S04PacketEntityEquipment
[16:09:04] [Client thread/INFO]: JInput Component Registry is initialising...
[16:09:04] [Client thread/INFO]: Inspecting Mouse controller HID-compliant mouse on Unknown...
[16:09:04] [Client thread/INFO]: Inspecting Mouse controller HID-compliant mouse on Unknown...
[16:09:04] [Client thread/INFO]: Inspecting Keyboard controller HID Keyboard Device on Unknown...
[16:09:04] [Client thread/INFO]: Inspecting Keyboard controller HID Keyboard Device on Unknown...
[16:09:04] [Client thread/INFO]: Inspecting Keyboard controller HID Keyboard Device on Unknown...
[16:09:04] [Client thread/INFO]: Inspecting Keyboard controller HID Keyboard Device on Unknown...
[16:09:04] [Client thread/INFO]: Inspecting Unknown controller Razer Viper on Unknown...
[16:09:04] [Client thread/INFO]: Inspecting Unknown controller Razer Viper on Unknown...
[16:09:04] [Client thread/INFO]: Inspecting Unknown controller Razer Viper on Unknown...
[16:09:04] [Client thread/INFO]: Inspecting Unknown controller Razer Viper on Unknown...
[16:09:04] [Client thread/INFO]: Inspecting Unknown controller Razer Huntsman on Unknown...
[16:09:04] [Client thread/INFO]: Inspecting Unknown controller Razer Huntsman on Unknown...
[16:09:04] [Client thread/INFO]: Inspecting Unknown controller Razer Huntsman on Unknown...
[16:09:04] [Client thread/INFO]: Inspecting Unknown controller Razer Huntsman on Unknown...
[16:09:04] [Client thread/INFO]: Inspecting Unknown controller USB Audio on Unknown...
[16:09:04] [Client thread/INFO]: JInput Component Registry initialised, found 15 controller(s) 544 component(s)
[16:09:04] [Client thread/INFO]: Injecting onc17packetcustompayload[x1] in func_148833_a in C17PacketCustomPayload
[16:09:04] [Client thread/INFO]: Injecting ons3fpacketcustompayload[x1] in func_148833_a in S3FPacketCustomPayload
[16:09:04] [Client thread/INFO]: LiteLoader begin INIT...
[16:09:04] [Client thread/INFO]: Baking listener list for CoreProvider with 2 listeners
[16:09:04] [Client thread/INFO]: Injecting external mods into class path...
[16:09:04] [Client thread/INFO]: Successfully injected mod file 'C:\Users\grant\AppData\Roaming\PrismLauncher\instances\Pogcraft 15- Thaumic Nostalgia\.minecraft\mods\MouseTweaks-2.4.4-mc1.7.10.jar' into classpath
[16:09:04] [Client thread/INFO]: Injecting external mods into class path...
[16:09:04] [Client thread/INFO]: Discovering mods on class path...
[16:09:04] [Client thread/INFO]: Searching C:\Users\grant\AppData\Local\Programs\PrismLauncher\jars\NewLaunch.jar...
[16:09:04] [Client thread/INFO]: Searching C:\Users\grant\AppData\Roaming\PrismLauncher\libraries\net\java\jinput\jinput\2.0.5\jinput-2.0.5.jar...
[16:09:04] [Client thread/INFO]: Searching C:\Users\grant\AppData\Roaming\PrismLauncher\libraries\net\java\jutils\jutils\1.0.0\jutils-1.0.0.jar...
[16:09:04] [Client thread/INFO]: Searching C:\Users\grant\AppData\Roaming\PrismLauncher\libraries\org\lwjgl\lwjgl\lwjgl\2.9.4-nightly-20150209\lwjgl-2.9.4-nightly-20150209.jar...
[16:09:04] [Client thread/INFO]: Searching C:\Users\grant\AppData\Roaming\PrismLauncher\libraries\org\lwjgl\lwjgl\lwjgl_util\2.9.4-nightly-20150209\lwjgl_util-2.9.4-nightly-20150209.jar...
[16:09:04] [Client thread/INFO]: Searching C:\Users\grant\AppData\Roaming\PrismLauncher\libraries\com\mojang\netty\1.8.8\netty-1.8.8.jar...
[16:09:04] [Client thread/INFO]: Searching C:\Users\grant\AppData\Roaming\PrismLauncher\libraries\com\mojang\realms\1.3.5\realms-1.3.5.jar...
[16:09:04] [Client thread/INFO]: Searching C:\Users\grant\AppData\Roaming\PrismLauncher\libraries\org\apache\commons\commons-compress\1.8.1\commons-compress-1.8.1.jar...
[16:09:04] [Client thread/INFO]: Searching C:\Users\grant\AppData\Roaming\PrismLauncher\libraries\org\apache\httpcomponents\httpclient\4.3.3\httpclient-4.3.3.jar...
[16:09:04] [Client thread/INFO]: Searching C:\Users\grant\AppData\Roaming\PrismLauncher\libraries\commons-logging\commons-logging\1.1.3\commons-logging-1.1.3.jar...
[16:09:04] [Client thread/INFO]: Searching C:\Users\grant\AppData\Roaming\PrismLauncher\libraries\org\apache\httpcomponents\httpcore\4.3.2\httpcore-4.3.2.jar...
[16:09:04] [Client thread/INFO]: Searching C:\Users\grant\AppData\Roaming\PrismLauncher\libraries\java3d\vecmath\1.3.1\vecmath-1.3.1.jar...
[16:09:04] [Client thread/INFO]: Searching C:\Users\grant\AppData\Roaming\PrismLauncher\libraries\net\sf\trove4j\trove4j\3.0.3\trove4j-3.0.3.jar...
[16:09:04] [Client thread/INFO]: Searching C:\Users\grant\AppData\Roaming\PrismLauncher\libraries\com\ibm\icu\icu4j-core-mojang\51.2\icu4j-core-mojang-51.2.jar...
[16:09:04] [Client thread/INFO]: Searching C:\Users\grant\AppData\Roaming\PrismLauncher\libraries\net\sf\jopt-simple\jopt-simple\4.5\jopt-simple-4.5.jar...
[16:09:04] [Client thread/INFO]: Searching C:\Users\grant\AppData\Roaming\PrismLauncher\libraries\com\paulscode\codecjorbis\20101023\codecjorbis-20101023.jar...
[16:09:04] [Client thread/INFO]: Searching C:\Users\grant\AppData\Roaming\PrismLauncher\libraries\com\paulscode\codecwav\20101023\codecwav-20101023.jar...
[16:09:04] [Client thread/INFO]: Searching C:\Users\grant\AppData\Roaming\PrismLauncher\libraries\com\paulscode\libraryjavasound\20101123\libraryjavasound-20101123.jar...
[16:09:04] [Client thread/INFO]: Searching C:\Users\grant\AppData\Roaming\PrismLauncher\libraries\com\paulscode\librarylwjglopenal\20100824\librarylwjglopenal-20100824.jar...
[16:09:04] [Client thread/INFO]: Searching C:\Users\grant\AppData\Roaming\PrismLauncher\libraries\com\paulscode\soundsystem\20120107\soundsystem-20120107.jar...
[16:09:04] [Client thread/INFO]: Searching C:\Users\grant\AppData\Roaming\PrismLauncher\libraries\io\netty\netty-all\4.0.10.Final\netty-all-4.0.10.Final.jar...
[16:09:04] [Client thread/INFO]: Searching C:\Users\grant\AppData\Roaming\PrismLauncher\libraries\com\google\guava\guava\17.0\guava-17.0.jar...
[16:09:04] [Client thread/INFO]: Searching C:\Users\grant\AppData\Roaming\PrismLauncher\libraries\org\apache\commons\commons-lang3\3.3.2\commons-lang3-3.3.2.jar...
[16:09:04] [Client thread/INFO]: Searching C:\Users\grant\AppData\Roaming\PrismLauncher\libraries\commons-io\commons-io\2.4\commons-io-2.4.jar...
[16:09:04] [Client thread/INFO]: Searching C:\Users\grant\AppData\Roaming\PrismLauncher\libraries\commons-codec\commons-codec\1.9\commons-codec-1.9.jar...
[16:09:04] [Client thread/INFO]: Searching C:\Users\grant\AppData\Roaming\PrismLauncher\libraries\com\google\code\gson\gson\2.2.4\gson-2.2.4.jar...
[16:09:04] [Client thread/INFO]: Searching C:\Users\grant\AppData\Roaming\PrismLauncher\libraries\com\mojang\authlib\1.5.21\authlib-1.5.21.jar...
[16:09:04] [Client thread/INFO]: Searching C:\Users\grant\AppData\Roaming\PrismLauncher\libraries\org\apache\logging\log4j\log4j-api\2.0-beta9-fixed\log4j-api-2.0-beta9-fixed.jar...
[16:09:04] [Client thread/INFO]: Searching C:\Users\grant\AppData\Roaming\PrismLauncher\libraries\org\apache\logging\log4j\log4j-core\2.0-beta9-fixed\log4j-core-2.0-beta9-fixed.jar...
[16:09:04] [Client thread/INFO]: Searching C:\Users\grant\AppData\Roaming\PrismLauncher\libraries\tv\twitch\twitch\5.16\twitch-5.16.jar...
[16:09:04] [Client thread/INFO]: Searching C:\Users\grant\AppData\Roaming\PrismLauncher\libraries\net\minecraftforge\forge\1.7.10-10.13.4.1614-1.7.10\forge-1.7.10-10.13.4.1614-1.7.10-universal.jar...
[16:09:04] [Client thread/INFO]: Searching C:\Users\grant\AppData\Roaming\PrismLauncher\libraries\net\minecraft\launchwrapper\1.12\launchwrapper-1.12.jar...
[16:09:04] [Client thread/INFO]: Searching C:\Users\grant\AppData\Roaming\PrismLauncher\libraries\org\ow2\asm\asm-all\5.0.3\asm-all-5.0.3.jar...
[16:09:04] [Client thread/INFO]: Searching C:\Users\grant\AppData\Roaming\PrismLauncher\libraries\com\typesafe\akka\akka-actor_2.11\2.3.3\akka-actor_2.11-2.3.3.jar...
[16:09:04] [Client thread/INFO]: Searching C:\Users\grant\AppData\Roaming\PrismLauncher\libraries\com\typesafe\config\1.2.1\config-1.2.1.jar...
[16:09:04] [Client thread/INFO]: Searching C:\Users\grant\AppData\Roaming\PrismLauncher\libraries\org\scala-lang\scala-actors-migration_2.11\1.1.0\scala-actors-migration_2.11-1.1.0.jar...
[16:09:04] [Client thread/INFO]: Searching C:\Users\grant\AppData\Roaming\PrismLauncher\libraries\org\scala-lang\scala-compiler\2.11.1\scala-compiler-2.11.1.jar...
[16:09:04] [Client thread/INFO]: Searching C:\Users\grant\AppData\Roaming\PrismLauncher\libraries\org\scala-lang\plugins\scala-continuations-library_2.11\1.0.2\scala-continuations-library_2.11-1.0.2.jar...
[16:09:04] [Client thread/INFO]: Searching C:\Users\grant\AppData\Roaming\PrismLauncher\libraries\org\scala-lang\plugins\scala-continuations-plugin_2.11.1\1.0.2\scala-continuations-plugin_2.11.1-1.0.2.jar...
[16:09:04] [Client thread/INFO]: Searching C:\Users\grant\AppData\Roaming\PrismLauncher\libraries\org\scala-lang\scala-library\2.11.1\scala-library-2.11.1.jar...
[16:09:04] [Client thread/INFO]: Searching C:\Users\grant\AppData\Roaming\PrismLauncher\libraries\org\scala-lang\scala-parser-combinators_2.11\1.0.1\scala-parser-combinators_2.11-1.0.1.jar...
[16:09:04] [Client thread/INFO]: Searching C:\Users\grant\AppData\Roaming\PrismLauncher\libraries\org\scala-lang\scala-reflect\2.11.1\scala-reflect-2.11.1.jar...
[16:09:04] [Client thread/INFO]: Searching C:\Users\grant\AppData\Roaming\PrismLauncher\libraries\org\scala-lang\scala-swing_2.11\1.0.1\scala-swing_2.11-1.0.1.jar...
[16:09:04] [Client thread/INFO]: Searching C:\Users\grant\AppData\Roaming\PrismLauncher\libraries\org\scala-lang\scala-xml_2.11\1.0.2\scala-xml_2.11-1.0.2.jar...
[16:09:04] [Client thread/INFO]: Searching C:\Users\grant\AppData\Roaming\PrismLauncher\libraries\lzma\lzma\0.0.1\lzma-0.0.1.jar...
[16:09:04] [Client thread/INFO]: Searching C:\Users\grant\AppData\Roaming\PrismLauncher\libraries\com\mojang\minecraft\1.7.10\minecraft-1.7.10-client.jar...
[16:09:04] [Client thread/INFO]: Discovering mods in valid mod files...
[16:09:04] [Client thread/INFO]: Searching C:\Users\grant\AppData\Roaming\PrismLauncher\instances\Pogcraft 15- Thaumic Nostalgia\.minecraft\mods\MouseTweaks-2.4.4-mc1.7.10.jar...
[16:09:04] [Client thread/INFO]: Found 1 potential matches
[16:09:04] [Client thread/INFO]: Discovering mods in valid mod files...
[16:09:04] [Client thread/INFO]: Mod class discovery completed
[16:09:04] [Client thread/INFO]: LiteLoader begin POSTINIT...
[16:09:05] [Client thread/INFO]: Inhibiting sound handler reload
[16:09:05] [Client thread/INFO]: Registering interface provider com.mumfrey.liteloader.client.ClientEvents for API LiteLoader core API
[16:09:05] [Client thread/INFO]: Injecting onc01packetchatmessage[x1] in func_148833_a in C01PacketChatMessage
[16:09:05] [Client thread/INFO]: Injecting onplayerlogin[x1] in func_72377_c in ServerConfigurationManager
[16:09:05] [Client thread/INFO]: Injecting onplayerlogout[x1] in func_72367_e in ServerConfigurationManager
[16:09:05] [Client thread/INFO]: Injecting onspawnplayer[x1] in func_148545_a in ServerConfigurationManager
[16:09:05] [Client thread/INFO]: Injecting onrespawnplayer[x1] in func_72368_a in ServerConfigurationManager
[16:09:05] [Client thread/INFO]: Registering interface provider com.mumfrey.liteloader.client.PacketEventsClient for API LiteLoader core API
[16:09:05] [Client thread/INFO]: Injecting ons02packetloginsuccess[x1] in func_148833_a in S02PacketLoginSuccess
[16:09:05] [Client thread/INFO]: Injecting ons01packetjoingame[x1] in func_148833_a in S01PacketJoinGame
[16:09:05] [Client thread/INFO]: Injecting ons02packetchat[x1] in func_148833_a in S02PacketChat
[16:09:05] [Client thread/INFO]: Registering interface provider com.mumfrey.liteloader.client.ClientPluginChannelsClient for API LiteLoader core API
[16:09:05] [Client thread/INFO]: Registering interface provider com.mumfrey.liteloader.core.ServerPluginChannels for API LiteLoader core API
[16:09:05] [Client thread/INFO]: Registering interface provider com.mumfrey.liteloader.messaging.MessageBus for API LiteLoader core API
[16:09:05] [Client thread/INFO]: Discovered 1 total mod(s), injected 0 tweak(s)
[16:09:05] [Client thread/INFO]: Loading mod from yalter.mousetweaks.loaders.LiteModMouseTweaks
[16:09:05] [Client thread/INFO]: Baking listener list for ModLoadObserver with 0 listeners
[16:09:05] [Client thread/INFO]: Successfully added mod Mouse Tweaks version 2.4.4
[16:09:05] [Client thread/INFO]: Adding "C:\Users\grant\AppData\Roaming\PrismLauncher\instances\Pogcraft 15- Thaumic Nostalgia\.minecraft\mods\MouseTweaks-2.4.4-mc1.7.10.jar" to active resource pack set
[16:09:05] [Client thread/INFO]: Setting up "MouseTweaks-2.4.4-mc1.7.10.jar" as mod resource pack with identifier "Mouse Tweaks"
[16:09:05] [Client thread/INFO]: Successfully added "C:\Users\grant\AppData\Roaming\PrismLauncher\instances\Pogcraft 15- Thaumic Nostalgia\.minecraft\mods\MouseTweaks-2.4.4-mc1.7.10.jar" to active resource pack set
[16:09:05] [Client thread/INFO]: Initialising mod Mouse Tweaks version 2.4.4
[16:09:05] [Client thread/INFO]: Baking listener list for InterfaceObserver with 0 listeners
[16:09:05] [Client thread/INFO]: Injecting ons1bpacketentityattach[x1] in func_148833_a in S1BPacketEntityAttach
[16:09:11] [Client thread/INFO]: Injecting ons21packetchunkdata[x1] in func_148833_a in S21PacketChunkData
[16:09:11] [Client thread/INFO]: Injecting ons00packetkeepalive[x1] in func_148833_a in S00PacketKeepAlive
[16:09:11] [Client thread/INFO]: Injecting ons05packetspawnposition[x1] in func_148833_a in S05PacketSpawnPosition
[16:09:11] [Client thread/INFO]: Injecting ons06packetupdatehealth[x1] in func_148833_a in S06PacketUpdateHealth
[16:09:11] [Client thread/INFO]: Injecting ons07packetrespawn[x1] in func_148833_a in S07PacketRespawn
[16:09:11] [Client thread/INFO]: Injecting ons09packethelditemchange[x1] in func_148833_a in S09PacketHeldItemChange
[16:09:11] [Client thread/INFO]: Injecting ons0cpacketspawnplayer[x1] in func_148833_a in S0CPacketSpawnPlayer
[16:09:11] [Client thread/INFO]: Injecting ons0epacketspawnobject[x1] in func_148833_a in S0EPacketSpawnObject
[16:09:11] [Client thread/INFO]: Injecting ons0fpacketspawnmob[x1] in func_148833_a in S0FPacketSpawnMob
[16:09:11] [Client thread/INFO]: Injecting ons10packetspawnpainting[x1] in func_148833_a in S10PacketSpawnPainting
[16:09:11] [Client thread/INFO]: Injecting ons11packetspawnexperienceorb[x1] in func_148833_a in S11PacketSpawnExperienceOrb
[16:09:11] [Client thread/INFO]: Injecting ons12packetentityvelocity[x1] in func_148833_a in S12PacketEntityVelocity
[16:09:11] [Client thread/INFO]: Injecting ons13packetdestroyentities[x1] in func_148833_a in S13PacketDestroyEntities
[16:09:11] [Client thread/INFO]: Injecting ons15packetentityrelmove[x1] in func_148833_a in S14PacketEntity$S15PacketEntityRelMove
[16:09:11] [Client thread/INFO]: Injecting ons16packetentitylook[x1] in func_148833_a in S14PacketEntity$S16PacketEntityLook
[16:09:11] [Client thread/INFO]: Injecting ons18packetentityteleport[x1] in func_148833_a in S18PacketEntityTeleport
[16:09:11] [Client thread/INFO]: Injecting ons19packetentityheadlook[x1] in func_148833_a in S19PacketEntityHeadLook
[16:09:11] [Client thread/INFO]: Injecting ons1cpacketentitymetadata[x1] in func_148833_a in S1CPacketEntityMetadata
[16:09:11] [Client thread/INFO]: Injecting ons1fpacketsetexperience[x1] in func_148833_a in S1FPacketSetExperience
[16:09:11] [Client thread/INFO]: Injecting ons20packetentityproperties[x1] in func_148833_a in S20PacketEntityProperties
[16:09:11] [Client thread/INFO]: Injecting ons22packetmultiblockchange[x1] in func_148833_a in S22PacketMultiBlockChange
[16:09:11] [Client thread/INFO]: Injecting ons25packetblockbreakanim[x1] in func_148833_a in S25PacketBlockBreakAnim
[16:09:11] [Client thread/INFO]: Injecting ons26packetmapchunkbulk[x1] in func_148833_a in S26PacketMapChunkBulk
[16:09:11] [Client thread/INFO]: Injecting ons28packeteffect[x1] in func_148833_a in S28PacketEffect
[16:09:11] [Client thread/INFO]: Injecting ons29packetsoundeffect[x1] in func_148833_a in S29PacketSoundEffect
[16:09:11] [Client thread/INFO]: Injecting ons2dpacketopenwindow[x1] in func_148833_a in S2DPacketOpenWindow
[16:09:11] [Client thread/INFO]: Injecting ons2epacketclosewindow[x1] in func_148833_a in S2EPacketCloseWindow
[16:09:11] [Client thread/INFO]: Injecting ons2fpacketsetslot[x1] in func_148833_a in S2FPacketSetSlot
[16:09:11] [Client thread/INFO]: Injecting ons30packetwindowitems[x1] in func_148833_a in S30PacketWindowItems
[16:09:11] [Client thread/INFO]: Injecting ons31packetwindowproperty[x1] in func_148833_a in S31PacketWindowProperty
[16:09:11] [Client thread/INFO]: Injecting ons32packetconfirmtransaction[x1] in func_148833_a in S32PacketConfirmTransaction
[16:09:11] [Client thread/INFO]: Injecting ons33packetupdatesign[x1] in func_148833_a in S33PacketUpdateSign
[16:09:11] [Client thread/INFO]: Injecting ons36packetsigneditoropen[x1] in func_148833_a in S36PacketSignEditorOpen
[16:09:11] [Client thread/INFO]: Injecting ons37packetstatistics[x1] in func_148833_a in S37PacketStatistics
[16:09:11] [Client thread/INFO]: Injecting ons38packetplayerlistitem[x1] in func_148833_a in S38PacketPlayerListItem
[16:09:11] [Client thread/INFO]: Injecting ons39packetplayerabilities[x1] in func_148833_a in S39PacketPlayerAbilities
[16:09:11] [Client thread/INFO]: Injecting ons3apackettabcomplete[x1] in func_148833_a in S3APacketTabComplete
[16:09:11] [Client thread/INFO]: Injecting ons3bpacketscoreboardobjective[x1] in func_148833_a in S3BPacketScoreboardObjective
[16:09:11] [Client thread/INFO]: Injecting ons3cpacketupdatescore[x1] in func_148833_a in S3CPacketUpdateScore
[16:09:11] [Client thread/INFO]: Injecting ons3dpacketdisplayscoreboard[x1] in func_148833_a in S3DPacketDisplayScoreboard
[16:09:11] [Client thread/INFO]: Injecting ons3epacketteams[x1] in func_148833_a in S3EPacketTeams
[16:09:11] [Client thread/INFO]: Injecting ons40packetdisconnect[x1] in func_148833_a in S40PacketDisconnect
[16:09:11] [Client thread/INFO]: Injecting onc00packetkeepalive[x1] in func_148833_a in C00PacketKeepAlive
[16:09:11] [Client thread/INFO]: Injecting onc03packetplayer[x1] in func_148833_a in C03PacketPlayer
[16:09:11] [Client thread/INFO]: Injecting onc04packetplayerposition[x1] in func_148833_a in C03PacketPlayer$C04PacketPlayerPosition
[16:09:11] [Client thread/INFO]: Injecting onc05packetplayerlook[x1] in func_148833_a in C03PacketPlayer$C05PacketPlayerLook
[16:09:11] [Client thread/INFO]: Injecting onc06packetplayerposlook[x1] in func_148833_a in C03PacketPlayer$C06PacketPlayerPosLook
[16:09:11] [Client thread/INFO]: Injecting onc0apacketanimation[x1] in func_148833_a in C0APacketAnimation
[16:09:11] [Client thread/INFO]: Injecting onc0bpacketentityaction[x1] in func_148833_a in C0BPacketEntityAction
[16:09:11] [Client thread/INFO]: Injecting onc0cpacketinput[x1] in func_148833_a in C0CPacketInput
[16:09:11] [Client thread/INFO]: Injecting onc0dpacketclosewindow[x1] in func_148833_a in C0DPacketCloseWindow
[16:09:11] [Client thread/INFO]: Injecting onc0fpacketconfirmtransaction[x1] in func_148833_a in C0FPacketConfirmTransaction
[16:09:11] [Client thread/INFO]: Injecting onc12packetupdatesign[x1] in func_148833_a in C12PacketUpdateSign
[16:09:11] [Client thread/INFO]: Injecting onc13packetplayerabilities[x1] in func_148833_a in C13PacketPlayerAbilities
[16:09:11] [Client thread/INFO]: Injecting onc14packettabcomplete[x1] in func_148833_a in C14PacketTabComplete
[16:09:11] [Client thread/INFO]: Injecting ons00packetserverinfo[x1] in func_148833_a in S00PacketServerInfo
[16:09:11] [Client thread/INFO]: Injecting ons01packetpong[x1] in func_148833_a in S01PacketPong
[16:09:11] [Client thread/INFO]: Injecting ons00packetdisconnect[x1] in func_148833_a in S00PacketDisconnect
[16:09:11] [Client thread/INFO]: Injecting ons01packetencryptionrequest[x1] in func_148833_a in S01PacketEncryptionRequest
[16:09:11] [Client thread/INFO]: Injecting onc01packetencryptionresponse[x1] in func_148833_a in C01PacketEncryptionResponse
[16:09:20] [Client thread/INFO]: Baking listener list for ViewportListener with 0 listeners
[16:09:20] [Client thread/INFO]: Sound handler reload inhibit removed
[16:09:20] [Client thread/INFO]: Reloading sound handler
[16:09:20] [Client thread/INFO]: Baking listener list for GameLoopListener with 0 listeners
[16:09:20] [Client thread/INFO]: Baking listener list for RenderListener with 1 listeners
[16:09:20] [Client thread/INFO]: Generating new Event Handler Proxy Class com.mumfrey.liteloader.core.event.EventProxy$2
[16:09:20] [Client thread/INFO]: Successfully generated event handler proxy class with 103 handlers(s) and 103 total invokations
[16:09:20] [Client thread/INFO]: Baking listener list for TickObserver with 3 listeners
[16:09:20] [Client thread/INFO]: Baking listener list for PostRenderObserver with 3 listeners
[16:09:20] [Client thread/INFO]: Baking listener list for Tickable with 0 listeners
[16:09:20] [Client thread/INFO]: Baking listener list for WorldObserver with 2 listeners
[16:09:20] [Client thread/INFO]: Baking listener list for FrameBufferListener with 0 listeners
[16:09:25] [Client thread/INFO]: Baking listener list for ServerCommandProvider with 0 listeners
[16:09:28] [Netty Client IO #0/INFO]: Baking listener list for PostLoginListener with 0 listeners
[16:09:29] [Server thread/INFO]: Baking listener list for ServerPlayerListener with 0 listeners
[16:09:29] [Client thread/INFO]: Baking listener list for PreJoinGameListener with 0 listeners
[16:09:29] [Client thread/INFO]: Baking listener list for JoinGameListener with 0 listeners
[16:09:30] [Client thread/INFO]: Baking listener list for PostRenderListener with 0 listeners
[16:09:30] [Client thread/INFO]: Baking listener list for HUDRenderListener with 0 listeners
[16:10:09] [Client thread/INFO]: LiteLoader is shutting down, shutting down core providers and syncing configuration
[16:10:09] [Client thread/INFO]: Baking listener list for ShutdownObserver with 2 listeners
